<?xml version="1.0" encoding="UTF-8"?>
<testng-results ignored="0" total="2" passed="2" failed="0" skipped="0">
  <reporter-output>
  </reporter-output>
  <suite started-at="2021-11-11T09:21:39Z" name="Default suite" finished-at="2021-11-11T09:22:29Z" duration-ms="50232">
    <groups>
    </groups>
    <test started-at="2021-11-11T09:21:39Z" name="Default test" finished-at="2021-11-11T09:22:29Z" duration-ms="50232">
      <class name="com.crm.qa.testcases.HomePageTest">
        <test-method is-config="true" signature="setUp()[pri:0, instance:com.crm.qa.testcases.HomePageTest@6d07a63d]" started-at="2021-11-11T14:51:39Z" name="setUp" finished-at="2021-11-11T14:52:02Z" duration-ms="23046" status="PASS">
          <reporter-output>
          </reporter-output>
        </test-method> <!-- setUp -->
        <test-method signature="verifyHomePageTitleTest()[pri:1, instance:com.crm.qa.testcases.HomePageTest@6d07a63d]" started-at="2021-11-11T14:52:02Z" name="verifyHomePageTitleTest" finished-at="2021-11-11T14:52:02Z" duration-ms="25" status="PASS">
          <reporter-output>
          </reporter-output>
        </test-method> <!-- verifyHomePageTitleTest -->
        <test-method is-config="true" signature="tearDown()[pri:0, instance:com.crm.qa.testcases.HomePageTest@6d07a63d]" started-at="2021-11-11T14:52:02Z" name="tearDown" finished-at="2021-11-11T14:52:03Z" duration-ms="1211" status="PASS">
          <reporter-output>
          </reporter-output>
        </test-method> <!-- tearDown -->
        <test-method is-config="true" signature="setUp()[pri:0, instance:com.crm.qa.testcases.HomePageTest@6d07a63d]" started-at="2021-11-11T14:52:03Z" name="setUp" finished-at="2021-11-11T14:52:26Z" duration-ms="23472" status="PASS">
          <reporter-output>
          </reporter-output>
        </test-method> <!-- setUp -->
        <test-method signature="verifyUserNameTest()[pri:2, instance:com.crm.qa.testcases.HomePageTest@6d07a63d]" started-at="2021-11-11T14:52:26Z" name="verifyUserNameTest" finished-at="2021-11-11T14:52:28Z" duration-ms="1380" status="PASS">
          <reporter-output>
          </reporter-output>
        </test-method> <!-- verifyUserNameTest -->
        <test-method is-config="true" signature="tearDown()[pri:0, instance:com.crm.qa.testcases.HomePageTest@6d07a63d]" started-at="2021-11-11T14:52:28Z" name="tearDown" finished-at="2021-11-11T14:52:29Z" duration-ms="1036" status="PASS">
          <reporter-output>
          </reporter-output>
        </test-method> <!-- tearDown -->
      </class> <!-- com.crm.qa.testcases.HomePageTest -->
    </test> <!-- Default test -->
  </suite> <!-- Default suite -->
</testng-results>
